2019-10-26 20:41:49 DEBUG SQL - drop table BOOK if exists
2019-10-26 20:41:49 DEBUG SQL - drop table CHILDTABLE if exists
2019-10-26 20:41:49 DEBUG SQL - drop table ORGANIZATION if exists
2019-10-26 20:41:49 DEBUG SQL - drop table PAGE if exists
2019-10-26 20:41:49 DEBUG SQL - drop table PARENTTABLE if exists
2019-10-26 20:41:49 DEBUG SQL - create table BOOK (BOOK_KEY integer not null, BOOK_NAME varchar(255), primary key (BOOK_KEY))
2019-10-26 20:41:49 DEBUG SQL - create table CHILDTABLE (CHILDTABLE_KEY integer not null, CHILDTABLE_NAME varchar(255), CHILDTABLE_PARENT_KEY integer not null, primary key (CHILDTABLE_KEY))
2019-10-26 20:41:49 DEBUG SQL - create table ORGANIZATION (ORGANIZATION_KEY integer not null, ADDRESS varchar(255), FLOORS integer, WORKPLACES integer, FOUND varchar(255), GOAL varchar(255), MOTTO varchar(255), STRUCTURE varchar(255), primary key (ORGANIZATION_KEY))
2019-10-26 20:41:49 DEBUG SQL - create table PAGE (PAGE_KEY integer not null, PAGE_ANNOTATIONS varchar(255), PAGE_NAME varchar(255), BOOK_KEY integer, primary key (PAGE_KEY))
2019-10-26 20:41:49 DEBUG SQL - create table PARENTTABLE (PARENTTABLE_KEY integer not null, PARENTTABLE_NAME varchar(255), primary key (PARENTTABLE_KEY))
2019-10-26 20:41:49 DEBUG SQL - alter table CHILDTABLE add constraint FKbgoj6stbvnnb1bkua8yg55toj foreign key (CHILDTABLE_PARENT_KEY) references PARENTTABLE
2019-10-26 20:41:49 DEBUG SQL - alter table PAGE add constraint FKhot01en2qtbheyp724u7g5vmt foreign key (BOOK_KEY) references BOOK
2019-10-26 20:41:49 DEBUG SQL - insert into BOOK (BOOK_NAME, BOOK_KEY) values (?, ?)
2019-10-26 20:42:26 DEBUG SQL - drop table BOOK if exists
2019-10-26 20:42:26 DEBUG SQL - drop table CHILDTABLE if exists
2019-10-26 20:42:26 DEBUG SQL - drop table ORGANIZATION if exists
2019-10-26 20:42:26 DEBUG SQL - drop table PAGE if exists
2019-10-26 20:42:26 DEBUG SQL - drop table PARENTTABLE if exists
2019-10-26 20:42:26 DEBUG SQL - create table BOOK (BOOK_KEY integer not null, BOOK_NAME varchar(255), primary key (BOOK_KEY))
2019-10-26 20:42:26 DEBUG SQL - create table CHILDTABLE (CHILDTABLE_KEY integer not null, CHILDTABLE_NAME varchar(255), CHILDTABLE_PARENT_KEY integer not null, primary key (CHILDTABLE_KEY))
2019-10-26 20:42:26 DEBUG SQL - create table ORGANIZATION (ORGANIZATION_KEY integer not null, ADDRESS varchar(255), FLOORS integer, WORKPLACES integer, FOUND varchar(255), GOAL varchar(255), MOTTO varchar(255), STRUCTURE varchar(255), primary key (ORGANIZATION_KEY))
2019-10-26 20:42:26 DEBUG SQL - create table PAGE (PAGE_KEY integer not null, PAGE_ANNOTATIONS varchar(255), PAGE_NAME varchar(255), BOOK_KEY integer, primary key (PAGE_KEY))
2019-10-26 20:42:26 DEBUG SQL - create table PARENTTABLE (PARENTTABLE_KEY integer not null, PARENTTABLE_NAME varchar(255), primary key (PARENTTABLE_KEY))
2019-10-26 20:42:26 DEBUG SQL - alter table CHILDTABLE add constraint FKbgoj6stbvnnb1bkua8yg55toj foreign key (CHILDTABLE_PARENT_KEY) references PARENTTABLE
2019-10-26 20:42:26 DEBUG SQL - alter table PAGE add constraint FKhot01en2qtbheyp724u7g5vmt foreign key (BOOK_KEY) references BOOK
2019-10-26 20:42:26 DEBUG SQL - select bookentity0_.BOOK_KEY as BOOK_KEY1_0_0_, bookentity0_.BOOK_NAME as BOOK_NAM2_0_0_ from BOOK bookentity0_ where bookentity0_.BOOK_KEY=?
2019-10-26 20:42:39 DEBUG SQL - drop table BOOK if exists
2019-10-26 20:42:39 DEBUG SQL - drop table CHILDTABLE if exists
2019-10-26 20:42:39 DEBUG SQL - drop table ORGANIZATION if exists
2019-10-26 20:42:39 DEBUG SQL - drop table PAGE if exists
2019-10-26 20:42:39 DEBUG SQL - drop table PARENTTABLE if exists
2019-10-26 20:42:39 DEBUG SQL - create table BOOK (BOOK_KEY integer not null, BOOK_NAME varchar(255), primary key (BOOK_KEY))
2019-10-26 20:42:39 DEBUG SQL - create table CHILDTABLE (CHILDTABLE_KEY integer not null, CHILDTABLE_NAME varchar(255), CHILDTABLE_PARENT_KEY integer not null, primary key (CHILDTABLE_KEY))
2019-10-26 20:42:39 DEBUG SQL - create table ORGANIZATION (ORGANIZATION_KEY integer not null, ADDRESS varchar(255), FLOORS integer, WORKPLACES integer, FOUND varchar(255), GOAL varchar(255), MOTTO varchar(255), STRUCTURE varchar(255), primary key (ORGANIZATION_KEY))
2019-10-26 20:42:39 DEBUG SQL - create table PAGE (PAGE_KEY integer not null, PAGE_ANNOTATIONS varchar(255), PAGE_NAME varchar(255), BOOK_KEY integer, primary key (PAGE_KEY))
2019-10-26 20:42:39 DEBUG SQL - create table PARENTTABLE (PARENTTABLE_KEY integer not null, PARENTTABLE_NAME varchar(255), primary key (PARENTTABLE_KEY))
2019-10-26 20:42:39 DEBUG SQL - alter table CHILDTABLE add constraint FKbgoj6stbvnnb1bkua8yg55toj foreign key (CHILDTABLE_PARENT_KEY) references PARENTTABLE
2019-10-26 20:42:39 DEBUG SQL - alter table PAGE add constraint FKhot01en2qtbheyp724u7g5vmt foreign key (BOOK_KEY) references BOOK
2019-10-26 20:42:39 DEBUG SQL - insert into BOOK (BOOK_NAME, BOOK_KEY) values (?, ?)
2019-10-26 20:42:50 DEBUG SQL - drop table BOOK if exists
2019-10-26 20:42:50 DEBUG SQL - drop table CHILDTABLE if exists
2019-10-26 20:42:50 DEBUG SQL - drop table ORGANIZATION if exists
2019-10-26 20:42:50 DEBUG SQL - drop table PAGE if exists
2019-10-26 20:42:50 DEBUG SQL - drop table PARENTTABLE if exists
2019-10-26 20:42:50 DEBUG SQL - create table BOOK (BOOK_KEY integer not null, BOOK_NAME varchar(255), primary key (BOOK_KEY))
2019-10-26 20:42:50 DEBUG SQL - create table CHILDTABLE (CHILDTABLE_KEY integer not null, CHILDTABLE_NAME varchar(255), CHILDTABLE_PARENT_KEY integer not null, primary key (CHILDTABLE_KEY))
2019-10-26 20:42:50 DEBUG SQL - create table ORGANIZATION (ORGANIZATION_KEY integer not null, ADDRESS varchar(255), FLOORS integer, WORKPLACES integer, FOUND varchar(255), GOAL varchar(255), MOTTO varchar(255), STRUCTURE varchar(255), primary key (ORGANIZATION_KEY))
2019-10-26 20:42:50 DEBUG SQL - create table PAGE (PAGE_KEY integer not null, PAGE_ANNOTATIONS varchar(255), PAGE_NAME varchar(255), BOOK_KEY integer, primary key (PAGE_KEY))
2019-10-26 20:42:50 DEBUG SQL - create table PARENTTABLE (PARENTTABLE_KEY integer not null, PARENTTABLE_NAME varchar(255), primary key (PARENTTABLE_KEY))
2019-10-26 20:42:50 DEBUG SQL - alter table CHILDTABLE add constraint FKbgoj6stbvnnb1bkua8yg55toj foreign key (CHILDTABLE_PARENT_KEY) references PARENTTABLE
2019-10-26 20:42:50 DEBUG SQL - alter table PAGE add constraint FKhot01en2qtbheyp724u7g5vmt foreign key (BOOK_KEY) references BOOK
2019-10-26 20:42:50 DEBUG SQL - insert into BOOK (BOOK_NAME, BOOK_KEY) values (?, ?)
2019-10-26 20:43:30 DEBUG SQL - drop table BOOK if exists
2019-10-26 20:43:30 DEBUG SQL - drop table CHILDTABLE if exists
2019-10-26 20:43:30 DEBUG SQL - drop table ORGANIZATION if exists
2019-10-26 20:43:30 DEBUG SQL - drop table PAGE if exists
2019-10-26 20:43:30 DEBUG SQL - drop table PARENTTABLE if exists
2019-10-26 20:43:30 DEBUG SQL - create table BOOK (BOOK_KEY integer not null, BOOK_NAME varchar(255), primary key (BOOK_KEY))
2019-10-26 20:43:30 DEBUG SQL - create table CHILDTABLE (CHILDTABLE_KEY integer not null, CHILDTABLE_NAME varchar(255), CHILDTABLE_PARENT_KEY integer not null, primary key (CHILDTABLE_KEY))
2019-10-26 20:43:30 DEBUG SQL - create table ORGANIZATION (ORGANIZATION_KEY integer not null, ADDRESS varchar(255), FLOORS integer, WORKPLACES integer, FOUND varchar(255), GOAL varchar(255), MOTTO varchar(255), STRUCTURE varchar(255), primary key (ORGANIZATION_KEY))
2019-10-26 20:43:30 DEBUG SQL - create table PAGE (PAGE_KEY integer not null, PAGE_ANNOTATIONS varchar(255), PAGE_NAME varchar(255), BOOK_KEY integer, primary key (PAGE_KEY))
2019-10-26 20:43:30 DEBUG SQL - create table PARENTTABLE (PARENTTABLE_KEY integer not null, PARENTTABLE_NAME varchar(255), primary key (PARENTTABLE_KEY))
2019-10-26 20:43:30 DEBUG SQL - alter table CHILDTABLE add constraint FKbgoj6stbvnnb1bkua8yg55toj foreign key (CHILDTABLE_PARENT_KEY) references PARENTTABLE
2019-10-26 20:43:30 DEBUG SQL - alter table PAGE add constraint FKhot01en2qtbheyp724u7g5vmt foreign key (BOOK_KEY) references BOOK
2019-10-26 20:43:30 DEBUG SQL - insert into BOOK (BOOK_NAME, BOOK_KEY) values (?, ?)
2019-10-26 20:43:58 DEBUG SQL - drop table BOOK if exists
2019-10-26 20:43:58 DEBUG SQL - drop table CHILDTABLE if exists
2019-10-26 20:43:58 DEBUG SQL - drop table ORGANIZATION if exists
2019-10-26 20:43:58 DEBUG SQL - drop table PAGE if exists
2019-10-26 20:43:58 DEBUG SQL - drop table PARENTTABLE if exists
2019-10-26 20:43:58 DEBUG SQL - create table BOOK (BOOK_KEY integer not null, BOOK_NAME varchar(255), primary key (BOOK_KEY))
2019-10-26 20:43:58 DEBUG SQL - create table CHILDTABLE (CHILDTABLE_KEY integer not null, CHILDTABLE_NAME varchar(255), CHILDTABLE_PARENT_KEY integer not null, primary key (CHILDTABLE_KEY))
2019-10-26 20:43:58 DEBUG SQL - create table ORGANIZATION (ORGANIZATION_KEY integer not null, ADDRESS varchar(255), FLOORS integer, WORKPLACES integer, FOUND varchar(255), GOAL varchar(255), MOTTO varchar(255), STRUCTURE varchar(255), primary key (ORGANIZATION_KEY))
2019-10-26 20:43:58 DEBUG SQL - create table PAGE (PAGE_KEY integer not null, PAGE_ANNOTATIONS varchar(255), PAGE_NAME varchar(255), BOOK_KEY integer, primary key (PAGE_KEY))
2019-10-26 20:43:58 DEBUG SQL - create table PARENTTABLE (PARENTTABLE_KEY integer not null, PARENTTABLE_NAME varchar(255), primary key (PARENTTABLE_KEY))
2019-10-26 20:43:58 DEBUG SQL - alter table CHILDTABLE add constraint FKbgoj6stbvnnb1bkua8yg55toj foreign key (CHILDTABLE_PARENT_KEY) references PARENTTABLE
2019-10-26 20:43:58 DEBUG SQL - alter table PAGE add constraint FKhot01en2qtbheyp724u7g5vmt foreign key (BOOK_KEY) references BOOK
2019-10-26 20:43:58 DEBUG SQL - insert into BOOK (BOOK_NAME, BOOK_KEY) values (?, ?)
